<?xml version="1.0" encoding="UTF-8"?>
<!-- Generated by org.testng.reporters.JUnitReportReporter -->
<testsuite hostname="Puppy" failures="0" tests="1" name="testscripts.regression.ValidateLoginUsingPOM2" time="21.528" errors="0" timestamp="2023-11-09T07:58:02 IST" skipped="0">
  <testcase classname="testscripts.regression.ValidateLoginUsingPOM2" name="validateLoginTest" time="21.528"/>
</testsuite> <!-- testscripts.regression.ValidateLoginUsingPOM2 -->
