<?xml version="1.0" encoding="UTF-8"?>
<!-- Generated by org.testng.reporters.JUnitReportReporter -->
<testsuite hostname="Puppy" failures="0" tests="1" name="testscripts.regression.ValidateRegistration" time="18.311" errors="0" timestamp="2023-11-08T06:46:20 IST" skipped="0">
  <testcase classname="testscripts.regression.ValidateRegistration" name="validateRegistrationTest" time="18.311"/>
</testsuite> <!-- testscripts.regression.ValidateRegistration -->
