<?xml version="1.0" encoding="UTF-8"?>
<!-- Generated by org.testng.reporters.JUnitReportReporter -->
<testsuite hostname="Puppy" failures="0" tests="1" name="testscripts.regression.ValidateLoginDataProviderExcel" time="9.811" errors="0" timestamp="2023-11-04T07:45:10 IST" skipped="0">
  <testcase classname="testscripts.regression.ValidateLoginDataProviderExcel" name="validateLoginTest" time="9.811"/>
</testsuite> <!-- testscripts.regression.ValidateLoginDataProviderExcel -->
