<?xml version="1.0" encoding="UTF-8"?>
<!-- Generated by org.testng.reporters.JUnitReportReporter -->
<testsuite hostname="Puppy" failures="0" tests="1" name="testscripts.regression.validateLoginUsingKeywords" time="28.662" errors="0" timestamp="2023-11-05T08:11:38 IST" skipped="0">
  <testcase classname="testscripts.regression.validateLoginUsingKeywords" name="validateLoginTest" time="28.662"/>
</testsuite> <!-- testscripts.regression.validateLoginUsingKeywords -->
