<?xml version="1.0" encoding="UTF-8"?>
<!-- Generated by org.testng.reporters.JUnitReportReporter -->
<testsuite hostname="Puppy" failures="0" tests="4" name="testscripts.regression.ValidateLoginDataProvider" time="95.236" errors="0" timestamp="2023-11-02T07:56:12 IST" skipped="0">
  <testcase classname="testscripts.regression.ValidateLoginDataProvider" name="validateLoginTest" time="27.053"/>
  <testcase classname="testscripts.regression.ValidateLoginDataProvider" name="validateLoginTest" time="25.184"/>
  <testcase classname="testscripts.regression.ValidateLoginDataProvider" name="validateLoginTest" time="21.811"/>
  <testcase classname="testscripts.regression.ValidateLoginDataProvider" name="validateLoginTest" time="21.188"/>
</testsuite> <!-- testscripts.regression.ValidateLoginDataProvider -->
