<?xml version="1.0" encoding="UTF-8"?>
<!-- Generated by org.testng.reporters.JUnitReportReporter -->
<testsuite hostname="Puppy" failures="0" tests="1" name="testscripts.regression.ValidateLoginUsingPOM" time="22.675" errors="0" timestamp="2023-11-09T06:33:30 IST" skipped="0">
  <testcase classname="testscripts.regression.ValidateLoginUsingPOM" name="validateLoginTest" time="22.675"/>
</testsuite> <!-- testscripts.regression.ValidateLoginUsingPOM -->
