<?xml version="1.0" encoding="UTF-8"?>
<!-- Generated by org.testng.reporters.JUnitReportReporter -->
<testsuite hostname="Puppy" failures="0" tests="4" name="testscripts.regression.ValidateLogin" time="119.484" errors="0" timestamp="2023-11-02T07:45:02 IST" skipped="0">
  <testcase classname="testscripts.regression.ValidateLogin" name="validateLoginTest1" time="47.944"/>
  <testcase classname="testscripts.regression.ValidateLogin" name="validateLoginTest3" time="23.115"/>
  <testcase classname="testscripts.regression.ValidateLogin" name="validateLoginTest4" time="24.510"/>
  <testcase classname="testscripts.regression.ValidateLogin" name="validateLoginTest2" time="23.915"/>
</testsuite> <!-- testscripts.regression.ValidateLogin -->
