<?xml version="1.0" encoding="UTF-8"?>
<!-- Generated by org.testng.reporters.JUnitReportReporter -->
<testsuite hostname="Puppy" failures="0" tests="1" name="testscripts.regression.ValidateLoginUsingPOM2" time="11.597" errors="0" timestamp="2023-11-18T19:32:27 IST" skipped="0">
  <testcase classname="testscripts.regression.ValidateLoginUsingPOM2" name="validateLoginTest" time="11.597"/>
</testsuite> <!-- testscripts.regression.ValidateLoginUsingPOM2 -->
