<?xml version="1.0" encoding="UTF-8"?>
<!-- Generated by org.testng.reporters.JUnitReportReporter -->
<testsuite hostname="Puppy" failures="0" tests="1" name="testscripts.regression.ValidateRegistrationUsingPOM" time="11.634" errors="0" timestamp="2023-11-16T07:26:24 IST" skipped="0">
  <testcase classname="testscripts.regression.ValidateRegistrationUsingPOM" name="validateRegistrationTest" time="11.634"/>
</testsuite> <!-- testscripts.regression.ValidateRegistrationUsingPOM -->
