<?xml version="1.0" encoding="UTF-8"?>
<!-- Generated by org.testng.reporters.JUnitReportReporter -->
<testsuite hostname="Puppy" failures="0" tests="1" name="testscripts.regression.ValidateLoginUsingPOM2" time="12.335" errors="0" timestamp="2023-11-16T07:26:24 IST" skipped="0">
  <testcase classname="testscripts.regression.ValidateLoginUsingPOM2" name="validateLoginTest" time="12.335"/>
</testsuite> <!-- testscripts.regression.ValidateLoginUsingPOM2 -->
